
**** Rebuild of configuration Debug for project GA ****

**** Internal Builder is used for build               ****
g++ -O0 -g3 -Wall -c -fmessage-length=0 -oGA.o ../GA.cpp
In file included from ../GA.cpp:8:0:
../GA.h: In member function ‘void FASTAI::GA::Env::setPopulation(FASTAI::GA::GeneticPhase*, int)’:
../GA.h:125:20: error: ‘pupulation’ was not declared in this scope
../GA.h: In member function ‘FASTAI::GA::GeneticPhase* FASTAI::GA::Env::getElement(int)’:
../GA.h:135:8: error: ‘m_Size’ was not declared in this scope
../GA.h:136:27: error: cannot convert ‘FASTAI::GA::GeneticPhase’ to ‘FASTAI::GA::GeneticPhase*’ in return
Build error occurred, build is stopped
Time consumed: 656  ms.  
